# JRE version: Java(TM) SE Runtime Environment (8.0_191-b12) (build 1.8.0_191-b12)
# Java VM: Java HotSpot(TM) 64-Bit Server VM (25.191-b12 mixed mode linux-amd64 compressed oops)
Heap:
 PSYoungGen      total 472064K, used 19438K [0x0000000784600000, 0x00000007a4c80000, 0x00000007c0000000)
  eden space 462848K, 4% used [0x0000000784600000,0x000000078583bbb0,0x00000007a0a00000)
  from space 9216K, 8% used [0x00000007a3a80000,0x00000007a3b40000,0x00000007a4380000)
  to   space 9216K, 0% used [0x00000007a4380000,0x00000007a4380000,0x00000007a4c80000)
 ParOldGen       total 96768K, used 44831K [0x000000070d200000, 0x0000000713080000, 0x0000000784600000)
  object space 96768K, 46% used [0x000000070d200000,0x000000070fdc7f08,0x0000000713080000)
 Metaspace       used 22947K, capacity 23240K, committed 23680K, reserved 1069056K
  class space    used 2964K, capacity 3084K, committed 3200K, reserved 1048576K
GC Heap History (10 events):
Event: 875.975 GC heap before
{Heap before GC invocations=515 (full 8):
 PSYoungGen      total 452608K, used 452608K [0x0000000784600000, 0x00000007a4a80000, 0x00000007c0000000)
  eden space 446976K, 100% used [0x0000000784600000,0x000000079fa80000,0x000000079fa80000)
  from space 5632K, 100% used [0x00000007a0500000,0x00000007a0a80000,0x00000007a0a80000)
  to   space 10752K, 0% used [0x000000079fa80000,0x000000079fa80000,0x00000007a0500000)
 ParOldGen       total 96768K, used 39063K [0x000000070d200000, 0x0000000713080000, 0x0000000784600000)
  object space 96768K, 40% used [0x000000070d200000,0x000000070f825f08,0x0000000713080000)
 Metaspace       used 22845K, capacity 23144K, committed 23552K, reserved 1069056K
  class space    used 2954K, capacity 3052K, committed 3072K, reserved 1048576K
Event: 875.989 GC heap after
Heap after GC invocations=515 (full 8):
 PSYoungGen      total 457728K, used 2624K [0x0000000784600000, 0x00000007a5f00000, 0x00000007c0000000)
  eden space 446976K, 0% used [0x0000000784600000,0x0000000784600000,0x000000079fa80000)
  from space 10752K, 24% used [0x000000079fa80000,0x000000079fd10000,0x00000007a0500000)
  to   space 10240K, 0% used [0x00000007a5500000,0x00000007a5500000,0x00000007a5f00000)
 ParOldGen       total 96768K, used 44191K [0x000000070d200000, 0x0000000713080000, 0x0000000784600000)
  object space 96768K, 45% used [0x000000070d200000,0x000000070fd27f08,0x0000000713080000)
 Metaspace       used 22845K, capacity 23144K, committed 23552K, reserved 1069056K
  class space    used 2954K, capacity 3052K, committed 3072K, reserved 1048576K
}
Event: 877.679 GC heap before
{Heap before GC invocations=516 (full 8):
 PSYoungGen      total 457728K, used 449600K [0x0000000784600000, 0x00000007a5f00000, 0x00000007c0000000)
  eden space 446976K, 100% used [0x0000000784600000,0x000000079fa80000,0x000000079fa80000)
  from space 10752K, 24% used [0x000000079fa80000,0x000000079fd10000,0x00000007a0500000)
  to   space 10240K, 0% used [0x00000007a5500000,0x00000007a5500000,0x00000007a5f00000)
 ParOldGen       total 96768K, used 44191K [0x000000070d200000, 0x0000000713080000, 0x0000000784600000)
  object space 96768K, 45% used [0x000000070d200000,0x000000070fd27f08,0x0000000713080000)
 Metaspace       used 22845K, capacity 23144K, committed 23552K, reserved 1069056K
  class space    used 2954K, capacity 3052K, committed 3072K, reserved 1048576K
Event: 877.686 GC heap after
Heap after GC invocations=516 (full 8):
 PSYoungGen      total 535552K, used 2144K [0x0000000784600000, 0x00000007a5c80000, 0x00000007c0000000)
  eden space 527872K, 0% used [0x0000000784600000,0x0000000784600000,0x00000007a4980000)
  from space 7680K, 27% used [0x00000007a5500000,0x00000007a5718000,0x00000007a5c80000)
  to   space 9728K, 0% used [0x00000007a4980000,0x00000007a4980000,0x00000007a5300000)
 ParOldGen       total 96768K, used 44671K [0x000000070d200000, 0x0000000713080000, 0x0000000784600000)
  object space 96768K, 46% used [0x000000070d200000,0x000000070fd9ff08,0x0000000713080000)
 Metaspace       used 22845K, capacity 23144K, committed 23552K, reserved 1069056K
  class space    used 2954K, capacity 3052K, committed 3072K, reserved 1048576K
}
Event: 880.052 GC heap before
{Heap before GC invocations=517 (full 8):
 PSYoungGen      total 535552K, used 530016K [0x0000000784600000, 0x00000007a5c80000, 0x00000007c0000000)
  eden space 527872K, 100% used [0x0000000784600000,0x00000007a4980000,0x00000007a4980000)
  from space 7680K, 27% used [0x00000007a5500000,0x00000007a5718000,0x00000007a5c80000)
  to   space 9728K, 0% used [0x00000007a4980000,0x00000007a4980000,0x00000007a5300000)
 ParOldGen       total 96768K, used 44671K [0x000000070d200000, 0x0000000713080000, 0x0000000784600000)
  object space 96768K, 46% used [0x000000070d200000,0x000000070fd9ff08,0x0000000713080000)
 Metaspace       used 22846K, capacity 23144K, committed 23552K, reserved 1069056K
  class space    used 2954K, capacity 3052K, committed 3072K, reserved 1048576K
Event: 880.061 GC heap after
Heap after GC invocations=517 (full 8):
 PSYoungGen      total 506368K, used 1440K [0x0000000784600000, 0x00000007a5580000, 0x00000007c0000000)
  eden space 504832K, 0% used [0x0000000784600000,0x0000000784600000,0x00000007a3300000)
  from space 1536K, 93% used [0x00000007a4980000,0x00000007a4ae8000,0x00000007a4b00000)
  to   space 9728K, 0% used [0x00000007a4c00000,0x00000007a4c00000,0x00000007a5580000)
 ParOldGen       total 96768K, used 44695K [0x000000070d200000, 0x0000000713080000, 0x0000000784600000)
  object space 96768K, 46% used [0x000000070d200000,0x000000070fda5f08,0x0000000713080000)
 Metaspace       used 22846K, capacity 23144K, committed 23552K, reserved 1069056K
  class space    used 2954K, capacity 3052K, committed 3072K, reserved 1048576K
}
Event: 881.381 GC heap before
{Heap before GC invocations=518 (full 8):
 PSYoungGen      total 506368K, used 506272K [0x0000000784600000, 0x00000007a5580000, 0x00000007c0000000)
  eden space 504832K, 100% used [0x0000000784600000,0x00000007a3300000,0x00000007a3300000)
  from space 1536K, 93% used [0x00000007a4980000,0x00000007a4ae8000,0x00000007a4b00000)
  to   space 9728K, 0% used [0x00000007a4c00000,0x00000007a4c00000,0x00000007a5580000)
 ParOldGen       total 96768K, used 44695K [0x000000070d200000, 0x0000000713080000, 0x0000000784600000)
  object space 96768K, 46% used [0x000000070d200000,0x000000070fda5f08,0x0000000713080000)
 Metaspace       used 22846K, capacity 23144K, committed 23552K, reserved 1069056K
  class space    used 2954K, capacity 3052K, committed 3072K, reserved 1048576K
Event: 881.385 GC heap after
Heap after GC invocations=518 (full 8):
 PSYoungGen      total 483840K, used 224K [0x0000000784600000, 0x00000007a4c80000, 0x00000007c0000000)
  eden space 483328K, 0% used [0x0000000784600000,0x0000000784600000,0x00000007a1e00000)
  from space 512K, 43% used [0x00000007a4c00000,0x00000007a4c38000,0x00000007a4c80000)
  to   space 9216K, 0% used [0x00000007a3a80000,0x00000007a3a80000,0x00000007a4380000)
 ParOldGen       total 96768K, used 44775K [0x000000070d200000, 0x0000000713080000, 0x0000000784600000)
  object space 96768K, 46% used [0x000000070d200000,0x000000070fdb9f08,0x0000000713080000)
 Metaspace       used 22846K, capacity 23144K, committed 23552K, reserved 1069056K
  class space    used 2954K, capacity 3052K, committed 3072K, reserved 1048576K
}
Event: 883.414 GC heap before
{Heap before GC invocations=519 (full 8):
 PSYoungGen      total 483840K, used 483552K [0x0000000784600000, 0x00000007a4c80000, 0x00000007c0000000)
  eden space 483328K, 100% used [0x0000000784600000,0x00000007a1e00000,0x00000007a1e00000)
  from space 512K, 43% used [0x00000007a4c00000,0x00000007a4c38000,0x00000007a4c80000)
  to   space 9216K, 0% used [0x00000007a3a80000,0x00000007a3a80000,0x00000007a4380000)
 ParOldGen       total 96768K, used 44775K [0x000000070d200000, 0x0000000713080000, 0x0000000784600000)
  object space 96768K, 46% used [0x000000070d200000,0x000000070fdb9f08,0x0000000713080000)
 Metaspace       used 22944K, capacity 23240K, committed 23680K, reserved 1069056K
  class space    used 2963K, capacity 3084K, committed 3200K, reserved 1048576K
Event: 883.420 GC heap after
Heap after GC invocations=519 (full 8):
 PSYoungGen      total 472064K, used 768K [0x0000000784600000, 0x00000007a4c80000, 0x00000007c0000000)
  eden space 462848K, 0% used [0x0000000784600000,0x0000000784600000,0x00000007a0a00000)
  from space 9216K, 8% used [0x00000007a3a80000,0x00000007a3b40000,0x00000007a4380000)
  to   space 9216K, 0% used [0x00000007a4380000,0x00000007a4380000,0x00000007a4c80000)
 ParOldGen       total 96768K, used 44831K [0x000000070d200000, 0x0000000713080000, 0x0000000784600000)
  object space 96768K, 46% used [0x000000070d200000,0x000000070fdc7f08,0x0000000713080000)
 Metaspace       used 22944K, capacity 23240K, committed 23680K, reserved 1069056K
  class space    used 2963K, capacity 3084K, committed 3200K, reserved 1048576K
}

